2011/5/19 上午 11:48:33 org.apache.catalina.core.AprLifecycleListener init
資訊: The APR based Apache Tomcat Native library which allows optimal performance in production environments was not found on the java.library.path: C:\Program Files\Java\jdk1.6.0\bin;.;C:\Windows\Sun\Java\bin;C:\Windows\system32;C:\Windows;C:\Program Files\Java\jdk1.6.0\bin;C:\Program Files\Common Files\Microsoft Shared\Windows Live;C:\Windows\system32;C:\Windows;C:\Windows\System32\Wbem;C:\Windows\System32\WindowsPowerShell\v1.0\;;C:\Program Files\Windows Live\Shared;C:\Winware\scala-2.7.7\bin
2011/5/19 上午 11:48:33 org.apache.coyote.AbstractProtocolHandler init
資訊: Initializing ProtocolHandler ["http-bio-8080"]
2011/5/19 上午 11:48:33 org.apache.coyote.AbstractProtocolHandler init
資訊: Initializing ProtocolHandler ["ajp-bio-8009"]
2011/5/19 上午 11:48:33 org.apache.catalina.startup.Catalina load
資訊: Initialization processed in 611 ms
2011/5/19 上午 11:48:33 org.apache.catalina.core.StandardService startInternal
資訊: Starting service Catalina
2011/5/19 上午 11:48:33 org.apache.catalina.core.StandardEngine startInternal
資訊: Starting Servlet Engine: Apache Tomcat/7.0.8
2011/5/19 上午 11:48:33 org.apache.catalina.startup.HostConfig deployDescriptor
資訊: Deploying configuration descriptor exercise2.xml from C:\workspace\apache-tomcat-7.0.8\conf\Catalina\localhost
2011/5/19 上午 11:48:34 org.apache.catalina.core.StandardContext resourcesStart
嚴重的: Error starting static Resources
java.lang.IllegalArgumentException: Document base C:\workspace\exercise2\build\web does not exist or is not a readable directory
	at org.apache.naming.resources.FileDirContext.setDocBase(FileDirContext.java:141)
	at org.apache.catalina.core.StandardContext.resourcesStart(StandardContext.java:4713)
	at org.apache.catalina.core.StandardContext.startInternal(StandardContext.java:4887)
	at org.apache.catalina.util.LifecycleBase.start(LifecycleBase.java:145)
	at org.apache.catalina.core.ContainerBase.addChildInternal(ContainerBase.java:812)
	at org.apache.catalina.core.ContainerBase.addChild(ContainerBase.java:787)
	at org.apache.catalina.core.StandardHost.addChild(StandardHost.java:607)
	at org.apache.catalina.startup.HostConfig.deployDescriptor(HostConfig.java:633)
	at org.apache.catalina.startup.HostConfig.deployDescriptors(HostConfig.java:558)
	at org.apache.catalina.startup.HostConfig.deployApps(HostConfig.java:468)
	at org.apache.catalina.startup.HostConfig.start(HostConfig.java:1302)
	at org.apache.catalina.startup.HostConfig.lifecycleEvent(HostConfig.java:311)
	at org.apache.catalina.util.LifecycleSupport.fireLifecycleEvent(LifecycleSupport.java:119)
	at org.apache.catalina.util.LifecycleBase.fireLifecycleEvent(LifecycleBase.java:89)
	at org.apache.catalina.util.LifecycleBase.setState(LifecycleBase.java:343)
	at org.apache.catalina.util.LifecycleBase.setState(LifecycleBase.java:323)
	at org.apache.catalina.core.ContainerBase.startInternal(ContainerBase.java:1043)
	at org.apache.catalina.core.StandardHost.startInternal(StandardHost.java:774)
	at org.apache.catalina.util.LifecycleBase.start(LifecycleBase.java:145)
	at org.apache.catalina.core.ContainerBase.startInternal(ContainerBase.java:1035)
	at org.apache.catalina.core.StandardEngine.startInternal(StandardEngine.java:291)
	at org.apache.catalina.util.LifecycleBase.start(LifecycleBase.java:145)
	at org.apache.catalina.core.StandardService.startInternal(StandardService.java:443)
	at org.apache.catalina.util.LifecycleBase.start(LifecycleBase.java:145)
	at org.apache.catalina.core.StandardServer.startInternal(StandardServer.java:724)
	at org.apache.catalina.util.LifecycleBase.start(LifecycleBase.java:145)
	at org.apache.catalina.startup.Catalina.start(Catalina.java:620)
	at sun.reflect.NativeMethodAccessorImpl.invoke0(Native Method)
	at sun.reflect.NativeMethodAccessorImpl.invoke(NativeMethodAccessorImpl.java:39)
	at sun.reflect.DelegatingMethodAccessorImpl.invoke(DelegatingMethodAccessorImpl.java:25)
	at java.lang.reflect.Method.invoke(Method.java:597)
	at org.apache.catalina.startup.Bootstrap.start(Bootstrap.java:304)
	at org.apache.catalina.startup.Bootstrap.main(Bootstrap.java:432)
2011/5/19 上午 11:48:34 org.apache.catalina.core.StandardContext startInternal
嚴重的: Error in resourceStart()
2011/5/19 上午 11:48:34 org.apache.catalina.core.StandardContext startInternal
嚴重的: Error getConfigured
2011/5/19 上午 11:48:34 org.apache.catalina.core.StandardContext startInternal
嚴重的: Context [/exercise2] startup failed due to previous errors
2011/5/19 上午 11:48:34 org.apache.catalina.startup.HostConfig deployDirectory
資訊: Deploying web application directory docs
2011/5/19 上午 11:48:34 org.apache.catalina.startup.HostConfig deployDirectory
資訊: Deploying web application directory examples
2011/5/19 上午 11:48:35 org.apache.catalina.startup.HostConfig deployDirectory
資訊: Deploying web application directory host-manager
2011/5/19 上午 11:48:35 org.apache.catalina.startup.HostConfig deployDirectory
資訊: Deploying web application directory manager
2011/5/19 上午 11:48:35 org.apache.catalina.startup.HostConfig deployDirectory
資訊: Deploying web application directory ROOT
2011/5/19 上午 11:48:35 org.apache.coyote.AbstractProtocolHandler start
資訊: Starting ProtocolHandler ["http-bio-8080"]
2011/5/19 上午 11:48:35 org.apache.coyote.AbstractProtocolHandler start
資訊: Starting ProtocolHandler ["ajp-bio-8009"]
2011/5/19 上午 11:48:35 org.apache.catalina.startup.Catalina start
資訊: Server startup in 1815 ms
2011/5/19 上午 11:48:36 org.apache.catalina.startup.HostConfig deployDescriptor
資訊: Deploying configuration descriptor WebApplication1.xml from C:\workspace\apache-tomcat-7.0.8\conf\Catalina\localhost
2011/5/19 上午 11:48:36 org.apache.catalina.util.LifecycleBase start
資訊: The start() method was called on component [StandardEngine[Catalina].StandardHost[localhost].StandardContext[/WebApplication1]] after start() had already been called. The second call will be ignored.
2011/5/19 上午 11:49:28 org.apache.catalina.startup.HostConfig checkResources
資訊: Reloading context [/WebApplication1]
2011/5/19 上午 11:49:39 org.apache.catalina.startup.HostConfig checkResources
資訊: Undeploying context [/WebApplication1]
2011/5/19 下午 12:21:37 org.apache.catalina.core.StandardServer await
資訊: A valid shutdown command was received via the shutdown port. Stopping the Server instance.
2011/5/19 下午 12:21:37 org.apache.coyote.AbstractProtocolHandler pause
資訊: Pausing ProtocolHandler ["http-bio-8080"]
2011/5/19 下午 12:21:38 org.apache.coyote.AbstractProtocolHandler pause
資訊: Pausing ProtocolHandler ["ajp-bio-8009"]
2011/5/19 下午 12:21:39 org.apache.catalina.core.StandardService stopInternal
資訊: Stopping service Catalina
2011/5/19 下午 12:21:40 org.apache.catalina.util.LifecycleBase stop
資訊: The stop() method was called on component [StandardEngine[Catalina].StandardHost[localhost].StandardContext[/exercise2]] after stop() had already been called. The second call will be ignored.
2011/5/19 下午 12:21:41 org.apache.coyote.AbstractProtocolHandler stop
資訊: Stopping ProtocolHandler ["http-bio-8080"]
2011/5/19 下午 12:21:41 org.apache.coyote.AbstractProtocolHandler stop
資訊: Stopping ProtocolHandler ["ajp-bio-8009"]
