五月 16, 2011 2:41:40 下午 org.apache.catalina.core.AprLifecycleListener init
資訊: The APR based Apache Tomcat Native library which allows optimal performance in production environments was not found on the java.library.path: C:\Program Files\Java\jdk1.7.0\bin;.;C:\Windows\Sun\Java\bin;C:\Windows\system32;C:\Windows;C:\Program Files\Java\jdk1.6.0\bin;C:\Program Files\Common Files\Microsoft Shared\Windows Live;C:\Windows\system32;C:\Windows;C:\Windows\System32\Wbem;C:\Windows\System32\WindowsPowerShell\v1.0\;;C:\Program Files\Windows Live\Shared;C:\Winware\scala-2.7.7\bin
五月 16, 2011 2:41:40 下午 org.apache.coyote.AbstractProtocolHandler init
資訊: Initializing ProtocolHandler ["http-bio-8080"]
五月 16, 2011 2:41:40 下午 org.apache.coyote.AbstractProtocolHandler init
資訊: Initializing ProtocolHandler ["ajp-bio-8009"]
五月 16, 2011 2:41:40 下午 org.apache.catalina.startup.Catalina load
資訊: Initialization processed in 938 ms
五月 16, 2011 2:41:40 下午 org.apache.catalina.core.StandardService startInternal
資訊: Starting service Catalina
五月 16, 2011 2:41:40 下午 org.apache.catalina.core.StandardEngine startInternal
資訊: Starting Servlet Engine: Apache Tomcat/7.0.8
五月 16, 2011 2:41:40 下午 org.apache.catalina.startup.HostConfig deployDirectory
資訊: Deploying web application directory docs
五月 16, 2011 2:41:41 下午 org.apache.catalina.startup.HostConfig deployDirectory
資訊: Deploying web application directory examples
五月 16, 2011 2:41:42 下午 org.apache.catalina.startup.HostConfig deployDirectory
資訊: Deploying web application directory host-manager
五月 16, 2011 2:41:42 下午 org.apache.catalina.startup.HostConfig deployDirectory
資訊: Deploying web application directory manager
五月 16, 2011 2:41:42 下午 org.apache.catalina.startup.HostConfig deployDirectory
資訊: Deploying web application directory ROOT
五月 16, 2011 2:41:42 下午 org.apache.coyote.AbstractProtocolHandler start
資訊: Starting ProtocolHandler ["http-bio-8080"]
五月 16, 2011 2:41:42 下午 org.apache.coyote.AbstractProtocolHandler start
資訊: Starting ProtocolHandler ["ajp-bio-8009"]
五月 16, 2011 2:41:42 下午 org.apache.catalina.startup.Catalina start
資訊: Server startup in 2055 ms
五月 16, 2011 2:41:43 下午 org.apache.catalina.startup.HostConfig deployDescriptor
資訊: Deploying configuration descriptor WebApplication2.xml from C:\workspace\apache-tomcat-7.0.8\conf\Catalina\localhost
五月 16, 2011 2:41:43 下午 org.apache.catalina.util.LifecycleBase start
資訊: The start() method was called on component [StandardEngine[Catalina].StandardHost[localhost].StandardContext[/WebApplication2]] after start() had already been called. The second call will be ignored.
五月 16, 2011 2:42:17 下午 org.apache.catalina.core.StandardContext reload
資訊: Reloading Context with name [/WebApplication2] has started
五月 16, 2011 2:42:18 下午 org.apache.catalina.core.StandardContext reload
資訊: Reloading Context with name [/WebApplication2] is completed
五月 16, 2011 2:42:18 下午 org.apache.catalina.core.StandardContext reload
資訊: Reloading Context with name [/WebApplication2] has started
五月 16, 2011 2:42:18 下午 org.apache.catalina.core.StandardContext reload
資訊: Reloading Context with name [/WebApplication2] is completed
五月 16, 2011 2:42:28 下午 org.apache.catalina.core.StandardContext reload
資訊: Reloading Context with name [/WebApplication2] has started
五月 16, 2011 2:42:28 下午 org.apache.catalina.core.StandardContext reload
資訊: Reloading Context with name [/WebApplication2] is completed
五月 16, 2011 2:42:33 下午 org.apache.catalina.core.StandardContext reload
資訊: Reloading Context with name [/WebApplication2] has started
五月 16, 2011 2:42:34 下午 org.apache.catalina.core.StandardContext reload
資訊: Reloading Context with name [/WebApplication2] is completed
五月 16, 2011 2:43:02 下午 org.apache.catalina.startup.HostConfig checkResources
資訊: Reloading context [/WebApplication2]
五月 16, 2011 2:44:07 下午 org.apache.catalina.startup.HostConfig checkResources
資訊: Undeploying context [/WebApplication2]
五月 16, 2011 2:51:55 下午 org.apache.catalina.core.StandardServer await
資訊: A valid shutdown command was received via the shutdown port. Stopping the Server instance.
五月 16, 2011 2:51:55 下午 org.apache.coyote.AbstractProtocolHandler pause
資訊: Pausing ProtocolHandler ["http-bio-8080"]
五月 16, 2011 2:51:56 下午 org.apache.coyote.AbstractProtocolHandler pause
資訊: Pausing ProtocolHandler ["ajp-bio-8009"]
五月 16, 2011 2:51:57 下午 org.apache.catalina.core.StandardService stopInternal
資訊: Stopping service Catalina
五月 16, 2011 2:51:59 下午 org.apache.coyote.AbstractProtocolHandler stop
資訊: Stopping ProtocolHandler ["http-bio-8080"]
五月 16, 2011 2:51:59 下午 org.apache.coyote.AbstractProtocolHandler stop
資訊: Stopping ProtocolHandler ["ajp-bio-8009"]
