2011/3/4 下午 03:53:12 org.apache.catalina.core.ApplicationContext log
資訊: ContextListener: contextInitialized()
2011/3/4 下午 03:53:12 org.apache.catalina.core.ApplicationContext log
資訊: SessionListener: contextInitialized()
2011/3/4 下午 03:53:12 org.apache.catalina.core.ApplicationContext log
資訊: SessionListener: contextDestroyed()
2011/3/4 下午 03:53:12 org.apache.catalina.core.ApplicationContext log
資訊: ContextListener: contextDestroyed()
2011/3/4 下午 03:53:20 org.apache.catalina.core.ApplicationContext log
資訊: ContextListener: contextInitialized()
2011/3/4 下午 03:53:20 org.apache.catalina.core.ApplicationContext log
資訊: SessionListener: contextInitialized()
2011/3/4 下午 03:53:30 org.apache.catalina.core.ApplicationContext log
資訊: ContextListener: contextInitialized()
2011/3/4 下午 03:53:30 org.apache.catalina.core.ApplicationContext log
資訊: SessionListener: contextInitialized()
2011/3/4 下午 03:53:34 org.apache.catalina.core.ApplicationContext log
資訊: SessionListener: contextDestroyed()
2011/3/4 下午 03:53:34 org.apache.catalina.core.ApplicationContext log
資訊: ContextListener: contextDestroyed()
2011/3/4 下午 04:00:38 org.apache.catalina.core.ApplicationContext log
資訊: ContextListener: contextInitialized()
2011/3/4 下午 04:00:38 org.apache.catalina.core.ApplicationContext log
資訊: SessionListener: contextInitialized()
2011/3/4 下午 04:02:21 org.apache.catalina.core.ApplicationContext log
資訊: SessionListener: contextDestroyed()
2011/3/4 下午 04:02:21 org.apache.catalina.core.ApplicationContext log
資訊: ContextListener: contextDestroyed()
2011/3/4 下午 04:02:39 org.apache.catalina.core.ApplicationContext log
資訊: ContextListener: contextInitialized()
2011/3/4 下午 04:02:39 org.apache.catalina.core.ApplicationContext log
資訊: SessionListener: contextInitialized()
