2011/5/19 上午 11:48:35 org.apache.catalina.core.ApplicationContext log
資訊: Manager: init: Associated with Deployer 'Catalina:type=Deployer,host=localhost'
2011/5/19 上午 11:48:35 org.apache.catalina.core.ApplicationContext log
資訊: Manager: init: Global resources are available
2011/5/19 上午 11:48:35 org.apache.catalina.core.ApplicationContext log
資訊: Manager: list: Listing contexts for virtual host 'localhost'
2011/5/19 上午 11:48:36 org.apache.catalina.core.ApplicationContext log
資訊: Manager: list: Listing contexts for virtual host 'localhost'
2011/5/19 上午 11:48:36 org.apache.catalina.core.ApplicationContext log
資訊: Manager: install: Installing context configuration at 'file:/C:/Users/Justin/AppData/Local/Temp/context203799240800288017.xml'
2011/5/19 上午 11:48:36 org.apache.catalina.core.ApplicationContext log
資訊: Manager: start: Starting web application '/WebApplication1'
2011/5/19 上午 11:49:18 org.apache.catalina.core.ApplicationContext log
資訊: Manager: list: Listing contexts for virtual host 'localhost'
2011/5/19 上午 11:49:18 org.apache.catalina.core.ApplicationContext log
資訊: Manager: stop: Stopping web application '/WebApplication1'
2011/5/19 上午 11:49:18 org.apache.catalina.core.ApplicationContext log
資訊: Manager: start: Starting web application '/WebApplication1'
2011/5/19 上午 11:49:38 org.apache.catalina.core.ApplicationContext log
資訊: Manager: list: Listing contexts for virtual host 'localhost'
2011/5/19 上午 11:49:38 org.apache.catalina.core.ApplicationContext log
資訊: Manager: undeploy: Undeploying web application at '/WebApplication1'
2011/5/19 上午 11:55:05 org.apache.catalina.core.ApplicationContext log
資訊: Manager: list: Listing contexts for virtual host 'localhost'
