2011/5/17 上午 09:52:22 org.apache.catalina.core.ApplicationContext log
資訊: Manager: init: Associated with Deployer 'Catalina:type=Deployer,host=localhost'
2011/5/17 上午 09:52:22 org.apache.catalina.core.ApplicationContext log
資訊: Manager: init: Global resources are available
2011/5/17 上午 09:52:22 org.apache.catalina.core.ApplicationContext log
資訊: Manager: list: Listing contexts for virtual host 'localhost'
2011/5/17 上午 09:52:22 org.apache.catalina.core.ApplicationContext log
資訊: Manager: list: Listing contexts for virtual host 'localhost'
2011/5/17 上午 09:52:23 org.apache.catalina.core.ApplicationContext log
資訊: Manager: install: Installing context configuration at 'file:/C:/Users/Justin/AppData/Local/Temp/context688689341957918495.xml'
2011/5/17 上午 09:53:25 org.apache.catalina.core.ApplicationContext log
資訊: Manager: init: Associated with Deployer 'Catalina:type=Deployer,host=localhost'
2011/5/17 上午 09:53:25 org.apache.catalina.core.ApplicationContext log
資訊: Manager: init: Global resources are available
2011/5/17 上午 09:53:25 org.apache.catalina.core.ApplicationContext log
資訊: Manager: list: Listing contexts for virtual host 'localhost'
2011/5/17 上午 09:53:25 org.apache.catalina.core.ApplicationContext log
資訊: Manager: list: Listing contexts for virtual host 'localhost'
2011/5/17 上午 09:53:25 org.apache.catalina.core.ApplicationContext log
資訊: Manager: install: Installing context configuration at 'file:/C:/Users/Justin/AppData/Local/Temp/context3903581769214483141.xml'
2011/5/17 上午 09:53:35 org.apache.catalina.core.ApplicationContext log
資訊: Manager: list: Listing contexts for virtual host 'localhost'
2011/5/17 上午 09:53:35 org.apache.catalina.core.ApplicationContext log
資訊: Manager: list: Listing contexts for virtual host 'localhost'
2011/5/17 上午 09:54:05 org.apache.catalina.core.ApplicationContext log
資訊: Manager: list: Listing contexts for virtual host 'localhost'
2011/5/17 上午 09:54:05 org.apache.catalina.core.ApplicationContext log
資訊: Manager: list: Listing contexts for virtual host 'localhost'
2011/5/17 上午 09:54:05 org.apache.catalina.core.ApplicationContext log
資訊: Manager: install: Installing context configuration at 'file:/C:/Users/Justin/AppData/Local/Temp/context807885198743791024.xml'
2011/5/17 上午 09:54:05 org.apache.catalina.core.ApplicationContext log
資訊: Manager: start: Starting web application '/exercise2'
