五月 16, 2011 2:41:42 下午 org.apache.catalina.core.ApplicationContext log
資訊: Manager: init: Associated with Deployer 'Catalina:type=Deployer,host=localhost'
五月 16, 2011 2:41:42 下午 org.apache.catalina.core.ApplicationContext log
資訊: Manager: init: Global resources are available
五月 16, 2011 2:41:42 下午 org.apache.catalina.core.ApplicationContext log
資訊: Manager: list: Listing contexts for virtual host 'localhost'
五月 16, 2011 2:41:42 下午 org.apache.catalina.core.ApplicationContext log
資訊: Manager: list: Listing contexts for virtual host 'localhost'
五月 16, 2011 2:41:43 下午 org.apache.catalina.core.ApplicationContext log
資訊: Manager: install: Installing context configuration at 'file:/C:/Users/Justin/AppData/Local/Temp/context2593373385642621743.xml'
五月 16, 2011 2:41:43 下午 org.apache.catalina.core.ApplicationContext log
資訊: Manager: start: Starting web application '/WebApplication2'
五月 16, 2011 2:42:17 下午 org.apache.catalina.core.ApplicationContext log
資訊: Manager: list: Listing contexts for virtual host 'localhost'
五月 16, 2011 2:42:17 下午 org.apache.catalina.core.ApplicationContext log
資訊: Manager: restart: Reloading web application '/WebApplication2'
五月 16, 2011 2:42:18 下午 org.apache.catalina.core.ApplicationContext log
資訊: Manager: list: Listing contexts for virtual host 'localhost'
五月 16, 2011 2:42:18 下午 org.apache.catalina.core.ApplicationContext log
資訊: Manager: restart: Reloading web application '/WebApplication2'
五月 16, 2011 2:42:28 下午 org.apache.catalina.core.ApplicationContext log
資訊: Manager: list: Listing contexts for virtual host 'localhost'
五月 16, 2011 2:42:28 下午 org.apache.catalina.core.ApplicationContext log
資訊: Manager: restart: Reloading web application '/WebApplication2'
五月 16, 2011 2:42:33 下午 org.apache.catalina.core.ApplicationContext log
資訊: Manager: list: Listing contexts for virtual host 'localhost'
五月 16, 2011 2:42:33 下午 org.apache.catalina.core.ApplicationContext log
資訊: Manager: list: Listing contexts for virtual host 'localhost'
五月 16, 2011 2:42:33 下午 org.apache.catalina.core.ApplicationContext log
資訊: Manager: restart: Reloading web application '/WebApplication2'
五月 16, 2011 2:43:00 下午 org.apache.catalina.core.ApplicationContext log
資訊: Manager: list: Listing contexts for virtual host 'localhost'
五月 16, 2011 2:43:00 下午 org.apache.catalina.core.ApplicationContext log
資訊: Manager: stop: Stopping web application '/WebApplication2'
五月 16, 2011 2:43:00 下午 org.apache.catalina.core.ApplicationContext log
資訊: Manager: start: Starting web application '/WebApplication2'
五月 16, 2011 2:44:06 下午 org.apache.catalina.core.ApplicationContext log
資訊: Manager: list: Listing contexts for virtual host 'localhost'
五月 16, 2011 2:44:06 下午 org.apache.catalina.core.ApplicationContext log
資訊: Manager: undeploy: Undeploying web application at '/WebApplication2'
五月 16, 2011 2:50:49 下午 org.apache.catalina.core.ApplicationContext log
資訊: Manager: list: Listing contexts for virtual host 'localhost'
